{"total": {"lines":{"total":288,"covered":247,"skipped":0,"pct":85.76},"statements":{"total":288,"covered":247,"skipped":0,"pct":85.76},"functions":{"total":13,"covered":13,"skipped":0,"pct":100},"branches":{"total":51,"covered":46,"skipped":0,"pct":90.19},"branchesTrue":{"total":0,"covered":0,"skipped":0,"pct":100}}
,"C:\\Users\\Nicho\\OneDrive\\Desktop\\UNI\\MAGISTRALE\\LLS\\tracker-users-service\\index.ts": {"lines":{"total":20,"covered":20,"skipped":0,"pct":100},"functions":{"total":0,"covered":0,"skipped":0,"pct":100},"statements":{"total":20,"covered":20,"skipped":0,"pct":100},"branches":{"total":1,"covered":1,"skipped":0,"pct":100}}
,"C:\\Users\\Nicho\\OneDrive\\Desktop\\UNI\\MAGISTRALE\\LLS\\tracker-users-service\\db\\controller\\controller.ts": {"lines":{"total":197,"covered":185,"skipped":0,"pct":93.9},"functions":{"total":9,"covered":9,"skipped":0,"pct":100},"statements":{"total":197,"covered":185,"skipped":0,"pct":93.9},"branches":{"total":44,"covered":40,"skipped":0,"pct":90.9}}
,"C:\\Users\\Nicho\\OneDrive\\Desktop\\UNI\\MAGISTRALE\\LLS\\tracker-users-service\\db\\route\\route.ts": {"lines":{"total":15,"covered":15,"skipped":0,"pct":100},"functions":{"total":0,"covered":0,"skipped":0,"pct":100},"statements":{"total":15,"covered":15,"skipped":0,"pct":100},"branches":{"total":0,"covered":0,"skipped":0,"pct":100}}
,"C:\\Users\\Nicho\\OneDrive\\Desktop\\UNI\\MAGISTRALE\\LLS\\tracker-users-service\\db\\services\\database.service.ts": {"lines":{"total":24,"covered":22,"skipped":0,"pct":91.66},"functions":{"total":3,"covered":3,"skipped":0,"pct":100},"statements":{"total":24,"covered":22,"skipped":0,"pct":91.66},"branches":{"total":5,"covered":4,"skipped":0,"pct":80}}
,"C:\\Users\\Nicho\\OneDrive\\Desktop\\UNI\\MAGISTRALE\\LLS\\tracker-users-service\\middleware\\authMiddleware.ts": {"lines":{"total":32,"covered":5,"skipped":0,"pct":15.62},"functions":{"total":1,"covered":1,"skipped":0,"pct":100},"statements":{"total":32,"covered":5,"skipped":0,"pct":15.62},"branches":{"total":1,"covered":1,"skipped":0,"pct":100}}
}
