{"C:\\Users\\Nicho\\OneDrive\\Desktop\\UNI\\MAGISTRALE\\LLS\\tracker-users-service\\index.ts": {"path":"C:\\Users\\Nicho\\OneDrive\\Desktop\\UNI\\MAGISTRALE\\LLS\\tracker-users-service\\index.ts","all":false,"statementMap":{"0":{"start":{"line":1,"column":0},"end":{"line":1,"column":30}},"1":{"start":{"line":2,"column":0},"end":{"line":2,"column":28}},"2":{"start":{"line":3,"column":0},"end":{"line":3,"column":24}},"3":{"start":{"line":4,"column":0},"end":{"line":4,"column":67}},"4":{"start":{"line":5,"column":0},"end":{"line":5,"column":38}},"5":{"start":{"line":6,"column":0},"end":{"line":6,"column":0}},"6":{"start":{"line":7,"column":0},"end":{"line":7,"column":16}},"7":{"start":{"line":8,"column":0},"end":{"line":8,"column":0}},"8":{"start":{"line":9,"column":0},"end":{"line":9,"column":30}},"9":{"start":{"line":10,"column":0},"end":{"line":10,"column":0}},"10":{"start":{"line":11,"column":0},"end":{"line":11,"column":22}},"11":{"start":{"line":12,"column":0},"end":{"line":12,"column":16}},"12":{"start":{"line":13,"column":0},"end":{"line":13,"column":24}},"13":{"start":{"line":14,"column":0},"end":{"line":14,"column":0}},"14":{"start":{"line":15,"column":0},"end":{"line":15,"column":16}},"15":{"start":{"line":16,"column":0},"end":{"line":16,"column":0}},"16":{"start":{"line":17,"column":0},"end":{"line":17,"column":19}},"17":{"start":{"line":18,"column":0},"end":{"line":18,"column":73}},"18":{"start":{"line":19,"column":0},"end":{"line":19,"column":0}},"19":{"start":{"line":20,"column":0},"end":{"line":20,"column":22}}},"s":{"0":1,"1":1,"2":1,"3":1,"4":1,"5":1,"6":1,"7":1,"8":1,"9":1,"10":1,"11":1,"12":1,"13":1,"14":1,"15":1,"16":1,"17":1,"18":1,"19":1},"branchMap":{"0":{"type":"branch","line":18,"loc":{"start":{"line":18,"column":17},"end":{"line":18,"column":71}},"locations":[{"start":{"line":18,"column":17},"end":{"line":18,"column":71}}]}},"b":{"0":[1]},"fnMap":{},"f":{}}
,"C:\\Users\\Nicho\\OneDrive\\Desktop\\UNI\\MAGISTRALE\\LLS\\tracker-users-service\\db\\controller\\controller.ts": {"path":"C:\\Users\\Nicho\\OneDrive\\Desktop\\UNI\\MAGISTRALE\\LLS\\tracker-users-service\\db\\controller\\controller.ts","all":false,"statementMap":{"0":{"start":{"line":1,"column":0},"end":{"line":1,"column":30}},"1":{"start":{"line":2,"column":0},"end":{"line":2,"column":29}},"2":{"start":{"line":3,"column":0},"end":{"line":3,"column":48}},"3":{"start":{"line":4,"column":0},"end":{"line":4,"column":58}},"4":{"start":{"line":5,"column":0},"end":{"line":5,"column":28}},"5":{"start":{"line":6,"column":0},"end":{"line":6,"column":0}},"6":{"start":{"line":7,"column":0},"end":{"line":7,"column":45}},"7":{"start":{"line":8,"column":0},"end":{"line":8,"column":29}},"8":{"start":{"line":9,"column":0},"end":{"line":9,"column":27}},"9":{"start":{"line":10,"column":0},"end":{"line":10,"column":18}},"10":{"start":{"line":11,"column":0},"end":{"line":11,"column":72}},"11":{"start":{"line":12,"column":0},"end":{"line":12,"column":59}},"12":{"start":{"line":13,"column":0},"end":{"line":13,"column":0}},"13":{"start":{"line":14,"column":0},"end":{"line":14,"column":49}},"14":{"start":{"line":15,"column":0},"end":{"line":15,"column":19}},"15":{"start":{"line":16,"column":0},"end":{"line":16,"column":10}},"16":{"start":{"line":17,"column":0},"end":{"line":17,"column":3}},"17":{"start":{"line":18,"column":0},"end":{"line":18,"column":0}},"18":{"start":{"line":19,"column":0},"end":{"line":19,"column":25}},"19":{"start":{"line":20,"column":0},"end":{"line":20,"column":71}},"20":{"start":{"line":21,"column":0},"end":{"line":21,"column":27}},"21":{"start":{"line":22,"column":0},"end":{"line":22,"column":19}},"22":{"start":{"line":23,"column":0},"end":{"line":23,"column":10}},"23":{"start":{"line":24,"column":0},"end":{"line":24,"column":3}},"24":{"start":{"line":25,"column":0},"end":{"line":25,"column":0}},"25":{"start":{"line":26,"column":0},"end":{"line":26,"column":18}},"26":{"start":{"line":27,"column":0},"end":{"line":27,"column":39}},"27":{"start":{"line":28,"column":0},"end":{"line":28,"column":58}},"28":{"start":{"line":29,"column":0},"end":{"line":29,"column":0}},"29":{"start":{"line":30,"column":0},"end":{"line":30,"column":16}},"30":{"start":{"line":31,"column":0},"end":{"line":31,"column":56}},"31":{"start":{"line":32,"column":0},"end":{"line":32,"column":9}},"32":{"start":{"line":33,"column":0},"end":{"line":33,"column":12}},"33":{"start":{"line":34,"column":0},"end":{"line":34,"column":10}},"34":{"start":{"line":35,"column":0},"end":{"line":35,"column":29}},"35":{"start":{"line":36,"column":0},"end":{"line":36,"column":8}},"36":{"start":{"line":37,"column":0},"end":{"line":37,"column":4}},"37":{"start":{"line":38,"column":0},"end":{"line":38,"column":13}},"38":{"start":{"line":39,"column":0},"end":{"line":39,"column":26}},"39":{"start":{"line":40,"column":0},"end":{"line":40,"column":19}},"40":{"start":{"line":41,"column":0},"end":{"line":41,"column":22}},"41":{"start":{"line":42,"column":0},"end":{"line":42,"column":28}},"42":{"start":{"line":43,"column":0},"end":{"line":43,"column":24}},"43":{"start":{"line":44,"column":0},"end":{"line":44,"column":31}},"44":{"start":{"line":45,"column":0},"end":{"line":45,"column":17}},"45":{"start":{"line":46,"column":0},"end":{"line":46,"column":37}},"46":{"start":{"line":47,"column":0},"end":{"line":47,"column":6}},"47":{"start":{"line":48,"column":0},"end":{"line":48,"column":10}},"48":{"start":{"line":49,"column":0},"end":{"line":49,"column":19}},"49":{"start":{"line":50,"column":0},"end":{"line":50,"column":40}},"50":{"start":{"line":51,"column":0},"end":{"line":51,"column":3}},"51":{"start":{"line":52,"column":0},"end":{"line":52,"column":2}},"52":{"start":{"line":53,"column":0},"end":{"line":53,"column":0}},"53":{"start":{"line":54,"column":0},"end":{"line":54,"column":31}},"54":{"start":{"line":55,"column":0},"end":{"line":55,"column":33}},"55":{"start":{"line":56,"column":0},"end":{"line":56,"column":18}},"56":{"start":{"line":57,"column":0},"end":{"line":57,"column":69}},"57":{"start":{"line":58,"column":0},"end":{"line":58,"column":38}},"58":{"start":{"line":59,"column":0},"end":{"line":59,"column":0}},"59":{"start":{"line":60,"column":0},"end":{"line":60,"column":25}},"60":{"start":{"line":61,"column":0},"end":{"line":61,"column":58}},"61":{"start":{"line":62,"column":0},"end":{"line":62,"column":61}},"62":{"start":{"line":63,"column":0},"end":{"line":63,"column":21}},"63":{"start":{"line":64,"column":0},"end":{"line":64,"column":26}},"64":{"start":{"line":65,"column":0},"end":{"line":65,"column":19}},"65":{"start":{"line":66,"column":0},"end":{"line":66,"column":22}},"66":{"start":{"line":67,"column":0},"end":{"line":67,"column":28}},"67":{"start":{"line":68,"column":0},"end":{"line":68,"column":24}},"68":{"start":{"line":69,"column":0},"end":{"line":69,"column":30}},"69":{"start":{"line":70,"column":0},"end":{"line":70,"column":37}},"70":{"start":{"line":71,"column":0},"end":{"line":71,"column":21}},"71":{"start":{"line":72,"column":0},"end":{"line":72,"column":6}},"72":{"start":{"line":73,"column":0},"end":{"line":73,"column":10}},"73":{"start":{"line":74,"column":0},"end":{"line":74,"column":19}},"74":{"start":{"line":75,"column":0},"end":{"line":75,"column":10}},"75":{"start":{"line":76,"column":0},"end":{"line":76,"column":3}},"76":{"start":{"line":77,"column":0},"end":{"line":77,"column":2}},"77":{"start":{"line":78,"column":0},"end":{"line":78,"column":0}},"78":{"start":{"line":79,"column":0},"end":{"line":79,"column":25}},"79":{"start":{"line":80,"column":0},"end":{"line":80,"column":29}},"80":{"start":{"line":81,"column":0},"end":{"line":81,"column":19}},"81":{"start":{"line":82,"column":0},"end":{"line":82,"column":65}},"82":{"start":{"line":83,"column":0},"end":{"line":83,"column":32}},"83":{"start":{"line":84,"column":0},"end":{"line":84,"column":2}},"84":{"start":{"line":85,"column":0},"end":{"line":85,"column":0}},"85":{"start":{"line":86,"column":0},"end":{"line":86,"column":15}},"86":{"start":{"line":87,"column":0},"end":{"line":87,"column":36}},"87":{"start":{"line":88,"column":0},"end":{"line":88,"column":61}},"88":{"start":{"line":89,"column":0},"end":{"line":89,"column":21}},"89":{"start":{"line":90,"column":0},"end":{"line":90,"column":4}},"90":{"start":{"line":91,"column":0},"end":{"line":91,"column":1}},"91":{"start":{"line":92,"column":0},"end":{"line":92,"column":21}},"92":{"start":{"line":93,"column":0},"end":{"line":93,"column":71}},"93":{"start":{"line":94,"column":0},"end":{"line":94,"column":23}},"94":{"start":{"line":95,"column":0},"end":{"line":95,"column":19}},"95":{"start":{"line":96,"column":0},"end":{"line":96,"column":10}},"96":{"start":{"line":97,"column":0},"end":{"line":97,"column":3}},"97":{"start":{"line":98,"column":0},"end":{"line":98,"column":53}},"98":{"start":{"line":99,"column":0},"end":{"line":99,"column":57}},"99":{"start":{"line":100,"column":0},"end":{"line":100,"column":14}},"100":{"start":{"line":101,"column":0},"end":{"line":101,"column":19}},"101":{"start":{"line":102,"column":0},"end":{"line":102,"column":10}},"102":{"start":{"line":103,"column":0},"end":{"line":103,"column":10}},"103":{"start":{"line":104,"column":0},"end":{"line":104,"column":30}},"104":{"start":{"line":105,"column":0},"end":{"line":105,"column":3}},"105":{"start":{"line":106,"column":0},"end":{"line":106,"column":2}},"106":{"start":{"line":107,"column":0},"end":{"line":107,"column":0}},"107":{"start":{"line":108,"column":0},"end":{"line":108,"column":29}},"108":{"start":{"line":109,"column":0},"end":{"line":109,"column":29}},"109":{"start":{"line":110,"column":0},"end":{"line":110,"column":19}},"110":{"start":{"line":111,"column":0},"end":{"line":111,"column":74}},"111":{"start":{"line":112,"column":0},"end":{"line":112,"column":23}},"112":{"start":{"line":113,"column":0},"end":{"line":113,"column":19}},"113":{"start":{"line":114,"column":0},"end":{"line":114,"column":10}},"114":{"start":{"line":115,"column":0},"end":{"line":115,"column":3}},"115":{"start":{"line":116,"column":0},"end":{"line":116,"column":76}},"116":{"start":{"line":117,"column":0},"end":{"line":117,"column":0}},"117":{"start":{"line":118,"column":0},"end":{"line":118,"column":14}},"118":{"start":{"line":119,"column":0},"end":{"line":119,"column":19}},"119":{"start":{"line":120,"column":0},"end":{"line":120,"column":10}},"120":{"start":{"line":121,"column":0},"end":{"line":121,"column":3}},"121":{"start":{"line":122,"column":0},"end":{"line":122,"column":0}},"122":{"start":{"line":123,"column":0},"end":{"line":123,"column":55}},"123":{"start":{"line":124,"column":0},"end":{"line":124,"column":71}},"124":{"start":{"line":125,"column":0},"end":{"line":125,"column":19}},"125":{"start":{"line":126,"column":0},"end":{"line":126,"column":10}},"126":{"start":{"line":127,"column":0},"end":{"line":127,"column":3}},"127":{"start":{"line":128,"column":0},"end":{"line":128,"column":64}},"128":{"start":{"line":129,"column":0},"end":{"line":129,"column":41}},"129":{"start":{"line":130,"column":0},"end":{"line":130,"column":30}},"130":{"start":{"line":131,"column":0},"end":{"line":131,"column":31}},"131":{"start":{"line":132,"column":0},"end":{"line":132,"column":3}},"132":{"start":{"line":133,"column":0},"end":{"line":133,"column":35}},"133":{"start":{"line":134,"column":0},"end":{"line":134,"column":2}},"134":{"start":{"line":135,"column":0},"end":{"line":135,"column":0}},"135":{"start":{"line":136,"column":0},"end":{"line":136,"column":29}},"136":{"start":{"line":137,"column":0},"end":{"line":137,"column":38}},"137":{"start":{"line":138,"column":0},"end":{"line":138,"column":19}},"138":{"start":{"line":139,"column":0},"end":{"line":139,"column":82}},"139":{"start":{"line":140,"column":0},"end":{"line":140,"column":23}},"140":{"start":{"line":141,"column":0},"end":{"line":141,"column":19}},"141":{"start":{"line":142,"column":0},"end":{"line":142,"column":10}},"142":{"start":{"line":143,"column":0},"end":{"line":143,"column":3}},"143":{"start":{"line":144,"column":0},"end":{"line":144,"column":31}},"144":{"start":{"line":145,"column":0},"end":{"line":145,"column":76}},"145":{"start":{"line":146,"column":0},"end":{"line":146,"column":0}},"146":{"start":{"line":147,"column":0},"end":{"line":147,"column":14}},"147":{"start":{"line":148,"column":0},"end":{"line":148,"column":19}},"148":{"start":{"line":149,"column":0},"end":{"line":149,"column":10}},"149":{"start":{"line":150,"column":0},"end":{"line":150,"column":3}},"150":{"start":{"line":151,"column":0},"end":{"line":151,"column":0}},"151":{"start":{"line":152,"column":0},"end":{"line":152,"column":55}},"152":{"start":{"line":153,"column":0},"end":{"line":153,"column":71}},"153":{"start":{"line":154,"column":0},"end":{"line":154,"column":19}},"154":{"start":{"line":155,"column":0},"end":{"line":155,"column":10}},"155":{"start":{"line":156,"column":0},"end":{"line":156,"column":3}},"156":{"start":{"line":157,"column":0},"end":{"line":157,"column":39}},"157":{"start":{"line":158,"column":0},"end":{"line":158,"column":58}},"158":{"start":{"line":159,"column":0},"end":{"line":159,"column":0}},"159":{"start":{"line":160,"column":0},"end":{"line":160,"column":72}},"160":{"start":{"line":161,"column":0},"end":{"line":161,"column":41}},"161":{"start":{"line":162,"column":0},"end":{"line":162,"column":43}},"162":{"start":{"line":163,"column":0},"end":{"line":163,"column":31}},"163":{"start":{"line":164,"column":0},"end":{"line":164,"column":3}},"164":{"start":{"line":165,"column":0},"end":{"line":165,"column":43}},"165":{"start":{"line":166,"column":0},"end":{"line":166,"column":2}},"166":{"start":{"line":167,"column":0},"end":{"line":167,"column":0}},"167":{"start":{"line":168,"column":0},"end":{"line":168,"column":23}},"168":{"start":{"line":169,"column":0},"end":{"line":169,"column":32}},"169":{"start":{"line":170,"column":0},"end":{"line":170,"column":19}},"170":{"start":{"line":171,"column":0},"end":{"line":171,"column":74}},"171":{"start":{"line":172,"column":0},"end":{"line":172,"column":23}},"172":{"start":{"line":173,"column":0},"end":{"line":173,"column":19}},"173":{"start":{"line":174,"column":0},"end":{"line":174,"column":10}},"174":{"start":{"line":175,"column":0},"end":{"line":175,"column":3}},"175":{"start":{"line":176,"column":0},"end":{"line":176,"column":85}},"176":{"start":{"line":177,"column":0},"end":{"line":177,"column":14}},"177":{"start":{"line":178,"column":0},"end":{"line":178,"column":19}},"178":{"start":{"line":179,"column":0},"end":{"line":179,"column":10}},"179":{"start":{"line":180,"column":0},"end":{"line":180,"column":3}},"180":{"start":{"line":181,"column":0},"end":{"line":181,"column":0}},"181":{"start":{"line":182,"column":0},"end":{"line":182,"column":31}},"182":{"start":{"line":183,"column":0},"end":{"line":183,"column":115}},"183":{"start":{"line":184,"column":0},"end":{"line":184,"column":10}},"184":{"start":{"line":185,"column":0},"end":{"line":185,"column":112}},"185":{"start":{"line":186,"column":0},"end":{"line":186,"column":3}},"186":{"start":{"line":187,"column":0},"end":{"line":187,"column":106}},"187":{"start":{"line":188,"column":0},"end":{"line":188,"column":0}},"188":{"start":{"line":189,"column":0},"end":{"line":189,"column":75}},"189":{"start":{"line":190,"column":0},"end":{"line":190,"column":45}},"190":{"start":{"line":191,"column":0},"end":{"line":191,"column":2}},"191":{"start":{"line":192,"column":0},"end":{"line":192,"column":0}},"192":{"start":{"line":193,"column":0},"end":{"line":193,"column":66}},"193":{"start":{"line":194,"column":0},"end":{"line":194,"column":58}},"194":{"start":{"line":195,"column":0},"end":{"line":195,"column":22}},"195":{"start":{"line":196,"column":0},"end":{"line":196,"column":30}},"196":{"start":{"line":197,"column":0},"end":{"line":197,"column":2}}},"s":{"0":1,"1":1,"2":1,"3":1,"4":1,"5":1,"6":1,"7":1,"8":1,"9":1,"10":1,"11":3,"12":3,"13":3,"14":1,"15":1,"16":1,"17":2,"18":2,"19":2,"20":3,"21":1,"22":1,"23":1,"24":1,"25":1,"26":1,"27":1,"28":1,"29":1,"30":1,"31":1,"32":1,"33":1,"34":1,"35":1,"36":1,"37":1,"38":1,"39":1,"40":1,"41":1,"42":1,"43":1,"44":1,"45":1,"46":1,"47":3,"48":0,"49":0,"50":0,"51":3,"52":1,"53":1,"54":1,"55":1,"56":1,"57":3,"58":3,"59":3,"60":3,"61":3,"62":3,"63":2,"64":2,"65":2,"66":2,"67":2,"68":2,"69":2,"70":2,"71":2,"72":3,"73":1,"74":1,"75":1,"76":3,"77":1,"78":1,"79":1,"80":1,"81":1,"82":0,"83":0,"84":1,"85":1,"86":1,"87":3,"88":3,"89":3,"90":3,"91":1,"92":1,"93":3,"94":1,"95":1,"96":1,"97":2,"98":2,"99":3,"100":1,"101":1,"102":1,"103":1,"104":1,"105":3,"106":1,"107":1,"108":1,"109":1,"110":1,"111":3,"112":1,"113":1,"114":1,"115":2,"116":2,"117":3,"118":1,"119":1,"120":1,"121":1,"122":1,"123":3,"124":0,"125":0,"126":0,"127":1,"128":1,"129":1,"130":1,"131":1,"132":1,"133":1,"134":1,"135":1,"136":1,"137":1,"138":1,"139":3,"140":1,"141":1,"142":1,"143":2,"144":2,"145":2,"146":3,"147":1,"148":1,"149":1,"150":1,"151":1,"152":3,"153":0,"154":0,"155":0,"156":1,"157":1,"158":1,"159":1,"160":1,"161":1,"162":1,"163":1,"164":1,"165":1,"166":1,"167":1,"168":1,"169":1,"170":1,"171":3,"172":1,"173":1,"174":1,"175":2,"176":3,"177":1,"178":1,"179":1,"180":1,"181":3,"182":0,"183":3,"184":1,"185":1,"186":1,"187":1,"188":3,"189":1,"190":1,"191":1,"192":1,"193":1,"194":1,"195":1,"196":1},"branchMap":{"0":{"type":"branch","line":11,"loc":{"start":{"line":11,"column":41},"end":{"line":52,"column":2}},"locations":[{"start":{"line":11,"column":41},"end":{"line":52,"column":2}}]},"1":{"type":"branch","line":14,"loc":{"start":{"line":14,"column":28},"end":{"line":14,"column":48}},"locations":[{"start":{"line":14,"column":28},"end":{"line":14,"column":48}}]},"2":{"type":"branch","line":14,"loc":{"start":{"line":14,"column":48},"end":{"line":17,"column":3}},"locations":[{"start":{"line":14,"column":48},"end":{"line":17,"column":3}}]},"3":{"type":"branch","line":17,"loc":{"start":{"line":17,"column":2},"end":{"line":21,"column":26}},"locations":[{"start":{"line":17,"column":2},"end":{"line":21,"column":26}}]},"4":{"type":"branch","line":21,"loc":{"start":{"line":21,"column":26},"end":{"line":48,"column":9}},"locations":[{"start":{"line":21,"column":26},"end":{"line":48,"column":9}}]},"5":{"type":"branch","line":48,"loc":{"start":{"line":48,"column":2},"end":{"line":51,"column":3}},"locations":[{"start":{"line":48,"column":2},"end":{"line":51,"column":3}}]},"6":{"type":"branch","line":52,"loc":{"start":{"line":52,"column":1},"end":{"line":52,"column":2}},"locations":[{"start":{"line":52,"column":1},"end":{"line":52,"column":2}}]},"7":{"type":"branch","line":57,"loc":{"start":{"line":57,"column":38},"end":{"line":77,"column":2}},"locations":[{"start":{"line":57,"column":38},"end":{"line":77,"column":2}}]},"8":{"type":"branch","line":63,"loc":{"start":{"line":63,"column":20},"end":{"line":73,"column":9}},"locations":[{"start":{"line":63,"column":20},"end":{"line":73,"column":9}}]},"9":{"type":"branch","line":73,"loc":{"start":{"line":73,"column":2},"end":{"line":76,"column":3}},"locations":[{"start":{"line":73,"column":2},"end":{"line":76,"column":3}}]},"10":{"type":"branch","line":77,"loc":{"start":{"line":77,"column":1},"end":{"line":77,"column":2}},"locations":[{"start":{"line":77,"column":1},"end":{"line":77,"column":2}}]},"11":{"type":"branch","line":84,"loc":{"start":{"line":84,"column":1},"end":{"line":84,"column":2}},"locations":[{"start":{"line":84,"column":1},"end":{"line":84,"column":2}}]},"12":{"type":"branch","line":87,"loc":{"start":{"line":87,"column":22},"end":{"line":91,"column":1}},"locations":[{"start":{"line":87,"column":22},"end":{"line":91,"column":1}}]},"13":{"type":"branch","line":93,"loc":{"start":{"line":93,"column":40},"end":{"line":106,"column":2}},"locations":[{"start":{"line":93,"column":40},"end":{"line":106,"column":2}}]},"14":{"type":"branch","line":94,"loc":{"start":{"line":94,"column":22},"end":{"line":97,"column":3}},"locations":[{"start":{"line":94,"column":22},"end":{"line":97,"column":3}}]},"15":{"type":"branch","line":97,"loc":{"start":{"line":97,"column":2},"end":{"line":100,"column":13}},"locations":[{"start":{"line":97,"column":2},"end":{"line":100,"column":13}}]},"16":{"type":"branch","line":100,"loc":{"start":{"line":100,"column":13},"end":{"line":105,"column":3}},"locations":[{"start":{"line":100,"column":13},"end":{"line":105,"column":3}}]},"17":{"type":"branch","line":106,"loc":{"start":{"line":106,"column":1},"end":{"line":106,"column":2}},"locations":[{"start":{"line":106,"column":1},"end":{"line":106,"column":2}}]},"18":{"type":"branch","line":111,"loc":{"start":{"line":111,"column":43},"end":{"line":134,"column":2}},"locations":[{"start":{"line":111,"column":43},"end":{"line":134,"column":2}}]},"19":{"type":"branch","line":112,"loc":{"start":{"line":112,"column":22},"end":{"line":115,"column":3}},"locations":[{"start":{"line":112,"column":22},"end":{"line":115,"column":3}}]},"20":{"type":"branch","line":115,"loc":{"start":{"line":115,"column":2},"end":{"line":118,"column":13}},"locations":[{"start":{"line":115,"column":2},"end":{"line":118,"column":13}}]},"21":{"type":"branch","line":118,"loc":{"start":{"line":118,"column":13},"end":{"line":124,"column":70}},"locations":[{"start":{"line":118,"column":13},"end":{"line":124,"column":70}}]},"22":{"type":"branch","line":124,"loc":{"start":{"line":124,"column":70},"end":{"line":127,"column":3}},"locations":[{"start":{"line":124,"column":70},"end":{"line":127,"column":3}}]},"23":{"type":"branch","line":127,"loc":{"start":{"line":127,"column":2},"end":{"line":134,"column":2}},"locations":[{"start":{"line":127,"column":2},"end":{"line":134,"column":2}}]},"24":{"type":"branch","line":134,"loc":{"start":{"line":134,"column":1},"end":{"line":134,"column":2}},"locations":[{"start":{"line":134,"column":1},"end":{"line":134,"column":2}}]},"25":{"type":"branch","line":139,"loc":{"start":{"line":139,"column":51},"end":{"line":166,"column":2}},"locations":[{"start":{"line":139,"column":51},"end":{"line":166,"column":2}}]},"26":{"type":"branch","line":140,"loc":{"start":{"line":140,"column":22},"end":{"line":143,"column":3}},"locations":[{"start":{"line":140,"column":22},"end":{"line":143,"column":3}}]},"27":{"type":"branch","line":143,"loc":{"start":{"line":143,"column":2},"end":{"line":147,"column":13}},"locations":[{"start":{"line":143,"column":2},"end":{"line":147,"column":13}}]},"28":{"type":"branch","line":147,"loc":{"start":{"line":147,"column":13},"end":{"line":153,"column":70}},"locations":[{"start":{"line":147,"column":13},"end":{"line":153,"column":70}}]},"29":{"type":"branch","line":153,"loc":{"start":{"line":153,"column":70},"end":{"line":156,"column":3}},"locations":[{"start":{"line":153,"column":70},"end":{"line":156,"column":3}}]},"30":{"type":"branch","line":156,"loc":{"start":{"line":156,"column":2},"end":{"line":166,"column":2}},"locations":[{"start":{"line":156,"column":2},"end":{"line":166,"column":2}}]},"31":{"type":"branch","line":166,"loc":{"start":{"line":166,"column":1},"end":{"line":166,"column":2}},"locations":[{"start":{"line":166,"column":1},"end":{"line":166,"column":2}}]},"32":{"type":"branch","line":171,"loc":{"start":{"line":171,"column":43},"end":{"line":191,"column":2}},"locations":[{"start":{"line":171,"column":43},"end":{"line":191,"column":2}}]},"33":{"type":"branch","line":172,"loc":{"start":{"line":172,"column":22},"end":{"line":175,"column":3}},"locations":[{"start":{"line":172,"column":22},"end":{"line":175,"column":3}}]},"34":{"type":"branch","line":175,"loc":{"start":{"line":175,"column":2},"end":{"line":177,"column":13}},"locations":[{"start":{"line":175,"column":2},"end":{"line":177,"column":13}}]},"35":{"type":"branch","line":177,"loc":{"start":{"line":177,"column":13},"end":{"line":182,"column":30}},"locations":[{"start":{"line":177,"column":13},"end":{"line":182,"column":30}}]},"36":{"type":"branch","line":182,"loc":{"start":{"line":182,"column":30},"end":{"line":184,"column":9}},"locations":[{"start":{"line":182,"column":30},"end":{"line":184,"column":9}}]},"37":{"type":"branch","line":184,"loc":{"start":{"line":184,"column":2},"end":{"line":189,"column":37}},"locations":[{"start":{"line":184,"column":2},"end":{"line":189,"column":37}}]},"38":{"type":"branch","line":189,"loc":{"start":{"line":189,"column":73},"end":{"line":191,"column":2}},"locations":[{"start":{"line":189,"column":73},"end":{"line":191,"column":2}}]},"39":{"type":"branch","line":185,"loc":{"start":{"line":185,"column":99},"end":{"line":185,"column":111}},"locations":[{"start":{"line":185,"column":99},"end":{"line":185,"column":111}}]},"40":{"type":"branch","line":187,"loc":{"start":{"line":187,"column":93},"end":{"line":187,"column":105}},"locations":[{"start":{"line":187,"column":93},"end":{"line":187,"column":105}}]},"41":{"type":"branch","line":191,"loc":{"start":{"line":191,"column":1},"end":{"line":191,"column":2}},"locations":[{"start":{"line":191,"column":1},"end":{"line":191,"column":2}}]},"42":{"type":"branch","line":193,"loc":{"start":{"line":193,"column":35},"end":{"line":197,"column":2}},"locations":[{"start":{"line":193,"column":35},"end":{"line":197,"column":2}}]},"43":{"type":"branch","line":197,"loc":{"start":{"line":197,"column":1},"end":{"line":197,"column":2}},"locations":[{"start":{"line":197,"column":1},"end":{"line":197,"column":2}}]}},"b":{"0":[3],"1":[2],"2":[1],"3":[2],"4":[1],"5":[0],"6":[4],"7":[3],"8":[2],"9":[1],"10":[4],"11":[1],"12":[3],"13":[3],"14":[1],"15":[2],"16":[1],"17":[4],"18":[3],"19":[1],"20":[2],"21":[1],"22":[0],"23":[1],"24":[4],"25":[3],"26":[1],"27":[2],"28":[1],"29":[0],"30":[1],"31":[4],"32":[3],"33":[1],"34":[2],"35":[1],"36":[0],"37":[1],"38":[1],"39":[1],"40":[1],"41":[4],"42":[1],"43":[2]},"fnMap":{"0":{"name":"get","decl":{"start":{"line":52,"column":1},"end":{"line":52,"column":2}},"loc":{"start":{"line":52,"column":1},"end":{"line":52,"column":2}},"line":52},"1":{"name":"get","decl":{"start":{"line":77,"column":1},"end":{"line":77,"column":2}},"loc":{"start":{"line":77,"column":1},"end":{"line":77,"column":2}},"line":77},"2":{"name":"get","decl":{"start":{"line":84,"column":1},"end":{"line":84,"column":2}},"loc":{"start":{"line":84,"column":1},"end":{"line":84,"column":2}},"line":84},"3":{"name":"generateToken","decl":{"start":{"line":87,"column":22},"end":{"line":91,"column":1}},"loc":{"start":{"line":87,"column":22},"end":{"line":91,"column":1}},"line":87},"4":{"name":"get","decl":{"start":{"line":106,"column":1},"end":{"line":106,"column":2}},"loc":{"start":{"line":106,"column":1},"end":{"line":106,"column":2}},"line":106},"5":{"name":"get","decl":{"start":{"line":134,"column":1},"end":{"line":134,"column":2}},"loc":{"start":{"line":134,"column":1},"end":{"line":134,"column":2}},"line":134},"6":{"name":"get","decl":{"start":{"line":166,"column":1},"end":{"line":166,"column":2}},"loc":{"start":{"line":166,"column":1},"end":{"line":166,"column":2}},"line":166},"7":{"name":"get","decl":{"start":{"line":191,"column":1},"end":{"line":191,"column":2}},"loc":{"start":{"line":191,"column":1},"end":{"line":191,"column":2}},"line":191},"8":{"name":"get","decl":{"start":{"line":197,"column":1},"end":{"line":197,"column":2}},"loc":{"start":{"line":197,"column":1},"end":{"line":197,"column":2}},"line":197}},"f":{"0":4,"1":4,"2":1,"3":3,"4":4,"5":4,"6":4,"7":4,"8":2}}
,"C:\\Users\\Nicho\\OneDrive\\Desktop\\UNI\\MAGISTRALE\\LLS\\tracker-users-service\\db\\route\\route.ts": {"path":"C:\\Users\\Nicho\\OneDrive\\Desktop\\UNI\\MAGISTRALE\\LLS\\tracker-users-service\\db\\route\\route.ts","all":false,"statementMap":{"0":{"start":{"line":1,"column":0},"end":{"line":1,"column":29}},"1":{"start":{"line":2,"column":0},"end":{"line":2,"column":31}},"2":{"start":{"line":3,"column":0},"end":{"line":3,"column":150}},"3":{"start":{"line":4,"column":0},"end":{"line":4,"column":57}},"4":{"start":{"line":5,"column":0},"end":{"line":5,"column":0}},"5":{"start":{"line":6,"column":0},"end":{"line":6,"column":38}},"6":{"start":{"line":7,"column":0},"end":{"line":7,"column":32}},"7":{"start":{"line":8,"column":0},"end":{"line":8,"column":33}},"8":{"start":{"line":9,"column":0},"end":{"line":9,"column":26}},"9":{"start":{"line":10,"column":0},"end":{"line":10,"column":32}},"10":{"start":{"line":11,"column":0},"end":{"line":11,"column":35}},"11":{"start":{"line":12,"column":0},"end":{"line":12,"column":52}},"12":{"start":{"line":13,"column":0},"end":{"line":13,"column":38}},"13":{"start":{"line":14,"column":0},"end":{"line":14,"column":0}},"14":{"start":{"line":15,"column":0},"end":{"line":15,"column":21}}},"s":{"0":1,"1":1,"2":1,"3":1,"4":1,"5":1,"6":1,"7":1,"8":1,"9":1,"10":1,"11":1,"12":1,"13":1,"14":1},"branchMap":{},"b":{},"fnMap":{},"f":{}}
,"C:\\Users\\Nicho\\OneDrive\\Desktop\\UNI\\MAGISTRALE\\LLS\\tracker-users-service\\db\\services\\database.service.ts": {"path":"C:\\Users\\Nicho\\OneDrive\\Desktop\\UNI\\MAGISTRALE\\LLS\\tracker-users-service\\db\\services\\database.service.ts","all":false,"statementMap":{"0":{"start":{"line":1,"column":0},"end":{"line":1,"column":35}},"1":{"start":{"line":2,"column":0},"end":{"line":2,"column":33}},"2":{"start":{"line":3,"column":0},"end":{"line":3,"column":0}},"3":{"start":{"line":4,"column":0},"end":{"line":4,"column":61}},"4":{"start":{"line":5,"column":0},"end":{"line":5,"column":0}},"5":{"start":{"line":6,"column":0},"end":{"line":6,"column":43}},"6":{"start":{"line":7,"column":0},"end":{"line":7,"column":18}},"7":{"start":{"line":8,"column":0},"end":{"line":8,"column":0}},"8":{"start":{"line":9,"column":0},"end":{"line":9,"column":7}},"9":{"start":{"line":10,"column":0},"end":{"line":10,"column":93}},"10":{"start":{"line":11,"column":0},"end":{"line":11,"column":0}},"11":{"start":{"line":12,"column":0},"end":{"line":12,"column":27}},"12":{"start":{"line":13,"column":0},"end":{"line":13,"column":0}},"13":{"start":{"line":14,"column":0},"end":{"line":14,"column":58}},"14":{"start":{"line":15,"column":0},"end":{"line":15,"column":0}},"15":{"start":{"line":16,"column":0},"end":{"line":16,"column":87}},"16":{"start":{"line":17,"column":0},"end":{"line":17,"column":0}},"17":{"start":{"line":18,"column":0},"end":{"line":18,"column":40}},"18":{"start":{"line":19,"column":0},"end":{"line":19,"column":0}},"19":{"start":{"line":20,"column":0},"end":{"line":20,"column":124}},"20":{"start":{"line":21,"column":0},"end":{"line":21,"column":19}},"21":{"start":{"line":22,"column":0},"end":{"line":22,"column":25}},"22":{"start":{"line":23,"column":0},"end":{"line":23,"column":3}},"23":{"start":{"line":24,"column":0},"end":{"line":24,"column":1}}},"s":{"0":1,"1":1,"2":1,"3":1,"4":1,"5":3,"6":3,"7":3,"8":3,"9":3,"10":3,"11":3,"12":2,"13":2,"14":2,"15":2,"16":2,"17":2,"18":2,"19":2,"20":2,"21":0,"22":0,"23":3},"branchMap":{"0":{"type":"branch","line":4,"loc":{"start":{"line":4,"column":60},"end":{"line":4,"column":61}},"locations":[{"start":{"line":4,"column":60},"end":{"line":4,"column":61}}]},"1":{"type":"branch","line":6,"loc":{"start":{"line":6,"column":0},"end":{"line":24,"column":1}},"locations":[{"start":{"line":6,"column":0},"end":{"line":24,"column":1}}]},"2":{"type":"branch","line":12,"loc":{"start":{"line":12,"column":25},"end":{"line":23,"column":3}},"locations":[{"start":{"line":12,"column":25},"end":{"line":23,"column":3}}]},"3":{"type":"branch","line":21,"loc":{"start":{"line":21,"column":2},"end":{"line":23,"column":3}},"locations":[{"start":{"line":21,"column":2},"end":{"line":23,"column":3}}]},"4":{"type":"branch","line":24,"loc":{"start":{"line":24,"column":0},"end":{"line":24,"column":1}},"locations":[{"start":{"line":24,"column":0},"end":{"line":24,"column":1}}]}},"b":{"0":[22],"1":[3],"2":[2],"3":[0],"4":[3]},"fnMap":{"0":{"name":"get","decl":{"start":{"line":4,"column":60},"end":{"line":4,"column":61}},"loc":{"start":{"line":4,"column":60},"end":{"line":4,"column":61}},"line":4},"1":{"name":"connectToDatabase","decl":{"start":{"line":6,"column":0},"end":{"line":24,"column":1}},"loc":{"start":{"line":6,"column":0},"end":{"line":24,"column":1}},"line":6},"2":{"name":"get","decl":{"start":{"line":24,"column":0},"end":{"line":24,"column":1}},"loc":{"start":{"line":24,"column":0},"end":{"line":24,"column":1}},"line":24}},"f":{"0":22,"1":3,"2":3}}
,"C:\\Users\\Nicho\\OneDrive\\Desktop\\UNI\\MAGISTRALE\\LLS\\tracker-users-service\\middleware\\authMiddleware.ts": {"path":"C:\\Users\\Nicho\\OneDrive\\Desktop\\UNI\\MAGISTRALE\\LLS\\tracker-users-service\\middleware\\authMiddleware.ts","all":false,"statementMap":{"0":{"start":{"line":1,"column":0},"end":{"line":1,"column":30}},"1":{"start":{"line":2,"column":0},"end":{"line":2,"column":48}},"2":{"start":{"line":3,"column":0},"end":{"line":3,"column":61}},"3":{"start":{"line":4,"column":0},"end":{"line":4,"column":0}},"4":{"start":{"line":5,"column":0},"end":{"line":5,"column":78}},"5":{"start":{"line":6,"column":0},"end":{"line":6,"column":11}},"6":{"start":{"line":7,"column":0},"end":{"line":7,"column":6}},"7":{"start":{"line":8,"column":0},"end":{"line":8,"column":32}},"8":{"start":{"line":9,"column":0},"end":{"line":9,"column":50}},"9":{"start":{"line":10,"column":0},"end":{"line":10,"column":5}},"10":{"start":{"line":11,"column":0},"end":{"line":11,"column":9}},"11":{"start":{"line":12,"column":0},"end":{"line":12,"column":30}},"12":{"start":{"line":13,"column":0},"end":{"line":13,"column":53}},"13":{"start":{"line":14,"column":0},"end":{"line":14,"column":21}},"14":{"start":{"line":15,"column":0},"end":{"line":15,"column":24}},"15":{"start":{"line":16,"column":0},"end":{"line":16,"column":73}},"16":{"start":{"line":17,"column":0},"end":{"line":17,"column":32}},"17":{"start":{"line":18,"column":0},"end":{"line":18,"column":26}},"18":{"start":{"line":19,"column":0},"end":{"line":19,"column":83}},"19":{"start":{"line":20,"column":0},"end":{"line":20,"column":27}},"20":{"start":{"line":21,"column":0},"end":{"line":21,"column":12}},"21":{"start":{"line":22,"column":0},"end":{"line":22,"column":21}},"22":{"start":{"line":23,"column":0},"end":{"line":23,"column":24}},"23":{"start":{"line":24,"column":0},"end":{"line":24,"column":21}},"24":{"start":{"line":25,"column":0},"end":{"line":25,"column":39}},"25":{"start":{"line":26,"column":0},"end":{"line":26,"column":5}},"26":{"start":{"line":27,"column":0},"end":{"line":27,"column":3}},"27":{"start":{"line":28,"column":0},"end":{"line":28,"column":15}},"28":{"start":{"line":29,"column":0},"end":{"line":29,"column":19}},"29":{"start":{"line":30,"column":0},"end":{"line":30,"column":47}},"30":{"start":{"line":31,"column":0},"end":{"line":31,"column":3}},"31":{"start":{"line":32,"column":0},"end":{"line":32,"column":2}}},"s":{"0":1,"1":1,"2":1,"3":1,"4":1,"5":0,"6":0,"7":0,"8":0,"9":0,"10":0,"11":0,"12":0,"13":0,"14":0,"15":0,"16":0,"17":0,"18":0,"19":0,"20":0,"21":0,"22":0,"23":0,"24":0,"25":0,"26":0,"27":0,"28":0,"29":0,"30":0,"31":0},"branchMap":{"0":{"type":"branch","line":32,"loc":{"start":{"line":32,"column":1},"end":{"line":32,"column":2}},"locations":[{"start":{"line":32,"column":1},"end":{"line":32,"column":2}}]}},"b":{"0":[1]},"fnMap":{"0":{"name":"get","decl":{"start":{"line":32,"column":1},"end":{"line":32,"column":2}},"loc":{"start":{"line":32,"column":1},"end":{"line":32,"column":2}},"line":32}},"f":{"0":1}}
}
